App::cpanminus is up to date. (1.7047)
You have Class::XSAccessor (1.19)
You have Devel::CheckLib (1.16)
You have Encode (3.16)
You have Encode::Locale (1.05)
You have ExtUtils::CppGuess (0.27)
You have ExtUtils::MakeMaker (7.62)
You have ExtUtils::ParseXS (3.43)
You have File::Basename (2.85)
You have File::Spec (3.80)
You have Getopt::Long (2.52)
You have IO::Scalar (2.111)
You have Module::Build::WithXSpp (0.14)
You have Moo (2.005004)
You have POSIX (1.97)
You have Scalar::Util (1.61)
You have Test::Harness (3.43)
You have Test::More (1.302183)
You have Thread::Queue (3.14)
You have Thread::Semaphore (2.13)
You have Time::HiRes (1.9767)
You have Unicode::Normalize (1.28)
You have threads (2.26)
You have threads::shared (1.62)
Cleaning up build files
Cleaning up configuration files
--> Working on ./xs
Configuring /home/makipoea/Documents/prepa/tipe/programme/Slic3r_but_with_better_infill/xs ... Created MYMETA.yml and MYMETA.json
Creating new 'Build' script for 'Slic3r-XS' version '0.01'
OK
Building and testing Slic3r-XS-0.01 ... Building Slic3r-XS
Processing XS typemap files...
Generating main XS file...
g++ -I/usr/lib/x86_64-linux-gnu/perl/5.34/CORE -fPIC -xc++ -Isrc/libslic3r -DHAS_BOOL -DNOGDI -DSLIC3RXS -DBOOST_ASIO_DISABLE_KQUEUE -Dexprtk_disable_rtl_io_file -Dexprtk_disable_return_statement -Dexprtk_disable_rtl_vecops -Dexprtk_disable_string_capabilities -Dexprtk_disable_enhanced_features -std=gnu++11 -DNDEBUG -O -Wno-undefined-var-template -Isrc -Ibuildtmp -c -D_REENTRANT -D_GNU_SOURCE -DDEBIAN -fwrapv -fno-strict-aliasing -pipe -I/usr/local/include -D_LARGEFILE_SOURCE -D_FILE_OFFSET_BITS=64 -O2 -g -o src/libslic3r/Geometry.o src/libslic3r/Geometry.cpp
g++ -I/usr/lib/x86_64-linux-gnu/perl/5.34/CORE -fPIC -xc++ -Isrc/libslic3r -DHAS_BOOL -DNOGDI -DSLIC3RXS -DBOOST_ASIO_DISABLE_KQUEUE -Dexprtk_disable_rtl_io_file -Dexprtk_disable_return_statement -Dexprtk_disable_rtl_vecops -Dexprtk_disable_string_capabilities -Dexprtk_disable_enhanced_features -std=gnu++11 -DNDEBUG -O -Wno-undefined-var-template -Isrc -Ibuildtmp -c -D_REENTRANT -D_GNU_SOURCE -DDEBIAN -fwrapv -fno-strict-aliasing -pipe -I/usr/local/include -D_LARGEFILE_SOURCE -D_FILE_OFFSET_BITS=64 -O2 -g -o src/libslic3r/Fill/Fillpavage.o src/libslic3r/Fill/Fillpavage.cpp
g++ -I/usr/lib/x86_64-linux-gnu/perl/5.34/CORE -fPIC -xc++ -Isrc/libslic3r -DHAS_BOOL -DNOGDI -DSLIC3RXS -DBOOST_ASIO_DISABLE_KQUEUE -Dexprtk_disable_rtl_io_file -Dexprtk_disable_return_statement -Dexprtk_disable_rtl_vecops -Dexprtk_disable_string_capabilities -Dexprtk_disable_enhanced_features -std=gnu++11 -DNDEBUG -O -Wno-undefined-var-template -Isrc -Ibuildtmp -c -D_REENTRANT -D_GNU_SOURCE -DDEBIAN -fwrapv -fno-strict-aliasing -pipe -I/usr/local/include -D_LARGEFILE_SOURCE -D_FILE_OFFSET_BITS=64 -O2 -g -o src/libslic3r/LayerRegion.o src/libslic3r/LayerRegion.cpp
g++ -I/usr/lib/x86_64-linux-gnu/perl/5.34/CORE -fPIC -xc++ -Isrc/libslic3r -DHAS_BOOL -DNOGDI -DSLIC3RXS -DBOOST_ASIO_DISABLE_KQUEUE -Dexprtk_disable_rtl_io_file -Dexprtk_disable_return_statement -Dexprtk_disable_rtl_vecops -Dexprtk_disable_string_capabilities -Dexprtk_disable_enhanced_features -std=gnu++11 -DNDEBUG -O -Wno-undefined-var-template -Isrc -Ibuildtmp -c -D_REENTRANT -D_GNU_SOURCE -DDEBIAN -fwrapv -fno-strict-aliasing -pipe -I/usr/local/include -D_LARGEFILE_SOURCE -D_FILE_OFFSET_BITS=64 -O2 -g -o src/libslic3r/GCodeReader.o src/libslic3r/GCodeReader.cpp
g++ -I/usr/lib/x86_64-linux-gnu/perl/5.34/CORE -fPIC -xc++ -Isrc/libslic3r -DHAS_BOOL -DNOGDI -DSLIC3RXS -DBOOST_ASIO_DISABLE_KQUEUE -Dexprtk_disable_rtl_io_file -Dexprtk_disable_return_statement -Dexprtk_disable_rtl_vecops -Dexprtk_disable_string_capabilities -Dexprtk_disable_enhanced_features -std=gnu++11 -DNDEBUG -O -Wno-undefined-var-template -Isrc -Ibuildtmp -c -D_REENTRANT -D_GNU_SOURCE -DDEBIAN -fwrapv -fno-strict-aliasing -pipe -I/usr/local/include -D_LARGEFILE_SOURCE -D_FILE_OFFSET_BITS=64 -O2 -g -o src/libslic3r/Fill/FillRectilinear.o src/libslic3r/Fill/FillRectilinear.cpp
g++ -I/usr/lib/x86_64-linux-gnu/perl/5.34/CORE -fPIC -xc++ -Isrc/libslic3r -DHAS_BOOL -DNOGDI -DSLIC3RXS -DBOOST_ASIO_DISABLE_KQUEUE -Dexprtk_disable_rtl_io_file -Dexprtk_disable_return_statement -Dexprtk_disable_rtl_vecops -Dexprtk_disable_string_capabilities -Dexprtk_disable_enhanced_features -std=gnu++11 -DNDEBUG -O -Wno-undefined-var-template -Isrc -Ibuildtmp -c -D_REENTRANT -D_GNU_SOURCE -DDEBIAN -fwrapv -fno-strict-aliasing -pipe -I/usr/local/include -D_LARGEFILE_SOURCE -D_FILE_OFFSET_BITS=64 -O2 -g -o src/libslic3r/GCode/SpiralVase.o src/libslic3r/GCode/SpiralVase.cpp
g++ -I/usr/lib/x86_64-linux-gnu/perl/5.34/CORE -fPIC -xc++ -Isrc/libslic3r -DHAS_BOOL -DNOGDI -DSLIC3RXS -DBOOST_ASIO_DISABLE_KQUEUE -Dexprtk_disable_rtl_io_file -Dexprtk_disable_return_statement -Dexprtk_disable_rtl_vecops -Dexprtk_disable_string_capabilities -Dexprtk_disable_enhanced_features -std=gnu++11 -DNDEBUG -O -Wno-undefined-var-template -Isrc -Ibuildtmp -c -D_REENTRANT -D_GNU_SOURCE -DDEBIAN -fwrapv -fno-strict-aliasing -pipe -I/usr/local/include -D_LARGEFILE_SOURCE -D_FILE_OFFSET_BITS=64 -O2 -g -o src/libslic3r/Fill/Fill3DHoneycomb.o src/libslic3r/Fill/Fill3DHoneycomb.cpp
g++ -I/usr/lib/x86_64-linux-gnu/perl/5.34/CORE -fPIC -xc++ -Isrc/libslic3r -DHAS_BOOL -DNOGDI -DSLIC3RXS -DBOOST_ASIO_DISABLE_KQUEUE -Dexprtk_disable_rtl_io_file -Dexprtk_disable_return_statement -Dexprtk_disable_rtl_vecops -Dexprtk_disable_string_capabilities -Dexprtk_disable_enhanced_features -std=gnu++11 -DNDEBUG -O -Wno-undefined-var-template -Isrc -Ibuildtmp -c -D_REENTRANT -D_GNU_SOURCE -DDEBIAN -fwrapv -fno-strict-aliasing -pipe -I/usr/local/include -D_LARGEFILE_SOURCE -D_FILE_OFFSET_BITS=64 -O2 -g -o src/admesh/stl_io.o src/admesh/stl_io.c
g++ -I/usr/lib/x86_64-linux-gnu/perl/5.34/CORE -fPIC -xc++ -Isrc/libslic3r -DHAS_BOOL -DNOGDI -DSLIC3RXS -DBOOST_ASIO_DISABLE_KQUEUE -Dexprtk_disable_rtl_io_file -Dexprtk_disable_return_statement -Dexprtk_disable_rtl_vecops -Dexprtk_disable_string_capabilities -Dexprtk_disable_enhanced_features -std=gnu++11 -DNDEBUG -O -Wno-undefined-var-template -Isrc -Ibuildtmp -c -D_REENTRANT -D_GNU_SOURCE -DDEBIAN -fwrapv -fno-strict-aliasing -pipe -I/usr/local/include -D_LARGEFILE_SOURCE -D_FILE_OFFSET_BITS=64 -O2 -g -o src/libslic3r/PlaceholderParser.o src/libslic3r/PlaceholderParser.cpp
g++ -I/usr/lib/x86_64-linux-gnu/perl/5.34/CORE -fPIC -xc++ -Isrc/libslic3r -DHAS_BOOL -DNOGDI -DSLIC3RXS -DBOOST_ASIO_DISABLE_KQUEUE -Dexprtk_disable_rtl_io_file -Dexprtk_disable_return_statement -Dexprtk_disable_rtl_vecops -Dexprtk_disable_string_capabilities -Dexprtk_disable_enhanced_features -std=gnu++11 -DNDEBUG -O -Wno-undefined-var-template -Isrc -Ibuildtmp -c -D_REENTRANT -D_GNU_SOURCE -DDEBIAN -fwrapv -fno-strict-aliasing -pipe -I/usr/local/include -D_LARGEFILE_SOURCE -D_FILE_OFFSET_BITS=64 -O2 -g -o src/libslic3r/LayerHeightSpline.o src/libslic3r/LayerHeightSpline.cpp
g++ -I/usr/lib/x86_64-linux-gnu/perl/5.34/CORE -fPIC -xc++ -Isrc/libslic3r -DHAS_BOOL -DNOGDI -DSLIC3RXS -DBOOST_ASIO_DISABLE_KQUEUE -Dexprtk_disable_rtl_io_file -Dexprtk_disable_return_statement -Dexprtk_disable_rtl_vecops -Dexprtk_disable_string_capabilities -Dexprtk_disable_enhanced_features -std=gnu++11 -DNDEBUG -O -Wno-undefined-var-template -Isrc -Ibuildtmp -c -D_REENTRANT -D_GNU_SOURCE -DDEBIAN -fwrapv -fno-strict-aliasing -pipe -I/usr/local/include -D_LARGEFILE_SOURCE -D_FILE_OFFSET_BITS=64 -O2 -g -o src/libslic3r/TriangleMesh.o src/libslic3r/TriangleMesh.cpp
g++ -I/usr/lib/x86_64-linux-gnu/perl/5.34/CORE -fPIC -xc++ -Isrc/libslic3r -DHAS_BOOL -DNOGDI -DSLIC3RXS -DBOOST_ASIO_DISABLE_KQUEUE -Dexprtk_disable_rtl_io_file -Dexprtk_disable_return_statement -Dexprtk_disable_rtl_vecops -Dexprtk_disable_string_capabilities -Dexprtk_disable_enhanced_features -std=gnu++11 -DNDEBUG -O -Wno-undefined-var-template -Isrc -Ibuildtmp -c -D_REENTRANT -D_GNU_SOURCE -DDEBIAN -fwrapv -fno-strict-aliasing -pipe -I/usr/local/include -D_LARGEFILE_SOURCE -D_FILE_OFFSET_BITS=64 -O2 -g -o src/libslic3r/PerimeterGenerator.o src/libslic3r/PerimeterGenerator.cpp
g++ -I/usr/lib/x86_64-linux-gnu/perl/5.34/CORE -fPIC -xc++ -Isrc/libslic3r -DHAS_BOOL -DNOGDI -DSLIC3RXS -DBOOST_ASIO_DISABLE_KQUEUE -Dexprtk_disable_rtl_io_file -Dexprtk_disable_return_statement -Dexprtk_disable_rtl_vecops -Dexprtk_disable_string_capabilities -Dexprtk_disable_enhanced_features -std=gnu++11 -DNDEBUG -O -Wno-undefined-var-template -Isrc -Ibuildtmp -c -D_REENTRANT -D_GNU_SOURCE -DDEBIAN -fwrapv -fno-strict-aliasing -pipe -I/usr/local/include -D_LARGEFILE_SOURCE -D_FILE_OFFSET_BITS=64 -O2 -g -o src/libslic3r/Polygon.o src/libslic3r/Polygon.cpp
g++ -I/usr/lib/x86_64-linux-gnu/perl/5.34/CORE -fPIC -xc++ -Isrc/libslic3r -DHAS_BOOL -DNOGDI -DSLIC3RXS -DBOOST_ASIO_DISABLE_KQUEUE -Dexprtk_disable_rtl_io_file -Dexprtk_disable_return_statement -Dexprtk_disable_rtl_vecops -Dexprtk_disable_string_capabilities -Dexprtk_disable_enhanced_features -std=gnu++11 -DNDEBUG -O -Wno-undefined-var-template -Isrc -Ibuildtmp -c -D_REENTRANT -D_GNU_SOURCE -DDEBIAN -fwrapv -fno-strict-aliasing -pipe -I/usr/local/include -D_LARGEFILE_SOURCE -D_FILE_OFFSET_BITS=64 -O2 -g -o src/libslic3r/Model.o src/libslic3r/Model.cpp
g++ -I/usr/lib/x86_64-linux-gnu/perl/5.34/CORE -fPIC -xc++ -Isrc/libslic3r -DHAS_BOOL -DNOGDI -DSLIC3RXS -DBOOST_ASIO_DISABLE_KQUEUE -Dexprtk_disable_rtl_io_file -Dexprtk_disable_return_statement -Dexprtk_disable_rtl_vecops -Dexprtk_disable_string_capabilities -Dexprtk_disable_enhanced_features -std=gnu++11 -DNDEBUG -O -Wno-undefined-var-template -Isrc -Ibuildtmp -c -D_REENTRANT -D_GNU_SOURCE -DDEBIAN -fwrapv -fno-strict-aliasing -pipe -I/usr/local/include -D_LARGEFILE_SOURCE -D_FILE_OFFSET_BITS=64 -O2 -g -o src/libslic3r/LayerRegionFill.o src/libslic3r/LayerRegionFill.cpp
g++ -I/usr/lib/x86_64-linux-gnu/perl/5.34/CORE -fPIC -xc++ -Isrc/libslic3r -DHAS_BOOL -DNOGDI -DSLIC3RXS -DBOOST_ASIO_DISABLE_KQUEUE -Dexprtk_disable_rtl_io_file -Dexprtk_disable_return_statement -Dexprtk_disable_rtl_vecops -Dexprtk_disable_string_capabilities -Dexprtk_disable_enhanced_features -std=gnu++11 -DNDEBUG -O -Wno-undefined-var-template -Isrc -Ibuildtmp -c -D_REENTRANT -D_GNU_SOURCE -DDEBIAN -fwrapv -fno-strict-aliasing -pipe -I/usr/local/include -D_LARGEFILE_SOURCE -D_FILE_OFFSET_BITS=64 -O2 -g -o src/libslic3r/Fill/FillHoneycomb.o src/libslic3r/Fill/FillHoneycomb.cpp
g++ -I/usr/lib/x86_64-linux-gnu/perl/5.34/CORE -fPIC -xc++ -Isrc/libslic3r -DHAS_BOOL -DNOGDI -DSLIC3RXS -DBOOST_ASIO_DISABLE_KQUEUE -Dexprtk_disable_rtl_io_file -Dexprtk_disable_return_statement -Dexprtk_disable_rtl_vecops -Dexprtk_disable_string_capabilities -Dexprtk_disable_enhanced_features -std=gnu++11 -DNDEBUG -O -Wno-undefined-var-template -Isrc -Ibuildtmp -c -D_REENTRANT -D_GNU_SOURCE -DDEBIAN -fwrapv -fno-strict-aliasing -pipe -I/usr/local/include -D_LARGEFILE_SOURCE -D_FILE_OFFSET_BITS=64 -O2 -g -o src/slic3r/GUI/3DScene.o src/slic3r/GUI/3DScene.cpp
g++ -I/usr/lib/x86_64-linux-gnu/perl/5.34/CORE -fPIC -xc++ -Isrc/libslic3r -DHAS_BOOL -DNOGDI -DSLIC3RXS -DBOOST_ASIO_DISABLE_KQUEUE -Dexprtk_disable_rtl_io_file -Dexprtk_disable_return_statement -Dexprtk_disable_rtl_vecops -Dexprtk_disable_string_capabilities -Dexprtk_disable_enhanced_features -std=gnu++11 -DNDEBUG -O -Wno-undefined-var-template -Isrc -Ibuildtmp -c -D_REENTRANT -D_GNU_SOURCE -DDEBIAN -fwrapv -fno-strict-aliasing -pipe -I/usr/local/include -D_LARGEFILE_SOURCE -D_FILE_OFFSET_BITS=64 -O2 -g -o src/libslic3r/Flow.o src/libslic3r/Flow.cpp
g++ -I/usr/lib/x86_64-linux-gnu/perl/5.34/CORE -fPIC -xc++ -Isrc/libslic3r -DHAS_BOOL -DNOGDI -DSLIC3RXS -DBOOST_ASIO_DISABLE_KQUEUE -Dexprtk_disable_rtl_io_file -Dexprtk_disable_return_statement -Dexprtk_disable_rtl_vecops -Dexprtk_disable_string_capabilities -Dexprtk_disable_enhanced_features -std=gnu++11 -DNDEBUG -O -Wno-undefined-var-template -Isrc -Ibuildtmp -c -D_REENTRANT -D_GNU_SOURCE -DDEBIAN -fwrapv -fno-strict-aliasing -pipe -I/usr/local/include -D_LARGEFILE_SOURCE -D_FILE_OFFSET_BITS=64 -O2 -g -o src/libslic3r/SurfaceCollection.o src/libslic3r/SurfaceCollection.cpp
g++ -I/usr/lib/x86_64-linux-gnu/perl/5.34/CORE -fPIC -xc++ -Isrc/libslic3r -DHAS_BOOL -DNOGDI -DSLIC3RXS -DBOOST_ASIO_DISABLE_KQUEUE -Dexprtk_disable_rtl_io_file -Dexprtk_disable_return_statement -Dexprtk_disable_rtl_vecops -Dexprtk_disable_string_capabilities -Dexprtk_disable_enhanced_features -std=gnu++11 -DNDEBUG -O -Wno-undefined-var-template -Isrc -Ibuildtmp -c -D_REENTRANT -D_GNU_SOURCE -DDEBIAN -fwrapv -fno-strict-aliasing -pipe -I/usr/local/include -D_LARGEFILE_SOURCE -D_FILE_OFFSET_BITS=64 -O2 -g -o src/expat/xmlparse.o src/expat/xmlparse.c
g++ -I/usr/lib/x86_64-linux-gnu/perl/5.34/CORE -fPIC -xc++ -Isrc/libslic3r -DHAS_BOOL -DNOGDI -DSLIC3RXS -DBOOST_ASIO_DISABLE_KQUEUE -Dexprtk_disable_rtl_io_file -Dexprtk_disable_return_statement -Dexprtk_disable_rtl_vecops -Dexprtk_disable_string_capabilities -Dexprtk_disable_enhanced_features -std=gnu++11 -DNDEBUG -O -Wno-undefined-var-template -Isrc -Ibuildtmp -c -D_REENTRANT -D_GNU_SOURCE -DDEBIAN -fwrapv -fno-strict-aliasing -pipe -I/usr/local/include -D_LARGEFILE_SOURCE -D_FILE_OFFSET_BITS=64 -O2 -g -o src/miniz/miniz.o src/miniz/miniz.c
g++ -I/usr/lib/x86_64-linux-gnu/perl/5.34/CORE -fPIC -xc++ -Isrc/libslic3r -DHAS_BOOL -DNOGDI -DSLIC3RXS -DBOOST_ASIO_DISABLE_KQUEUE -Dexprtk_disable_rtl_io_file -Dexprtk_disable_return_statement -Dexprtk_disable_rtl_vecops -Dexprtk_disable_string_capabilities -Dexprtk_disable_enhanced_features -std=gnu++11 -DNDEBUG -O -Wno-undefined-var-template -Isrc -Ibuildtmp -c -D_REENTRANT -D_GNU_SOURCE -DDEBIAN -fwrapv -fno-strict-aliasing -pipe -I/usr/local/include -D_LARGEFILE_SOURCE -D_FILE_OFFSET_BITS=64 -O2 -g -o src/polypartition.o src/polypartition.cpp
g++ -I/usr/lib/x86_64-linux-gnu/perl/5.34/CORE -fPIC -xc++ -Isrc/libslic3r -DHAS_BOOL -DNOGDI -DSLIC3RXS -DBOOST_ASIO_DISABLE_KQUEUE -Dexprtk_disable_rtl_io_file -Dexprtk_disable_return_statement -Dexprtk_disable_rtl_vecops -Dexprtk_disable_string_capabilities -Dexprtk_disable_enhanced_features -std=gnu++11 -DNDEBUG -O -Wno-undefined-var-template -Isrc -Ibuildtmp -c -D_REENTRANT -D_GNU_SOURCE -DDEBIAN -fwrapv -fno-strict-aliasing -pipe -I/usr/local/include -D_LARGEFILE_SOURCE -D_FILE_OFFSET_BITS=64 -O2 -g -o src/admesh/normals.o src/admesh/normals.c
g++ -I/usr/lib/x86_64-linux-gnu/perl/5.34/CORE -fPIC -xc++ -Isrc/libslic3r -DHAS_BOOL -DNOGDI -DSLIC3RXS -DBOOST_ASIO_DISABLE_KQUEUE -Dexprtk_disable_rtl_io_file -Dexprtk_disable_return_statement -Dexprtk_disable_rtl_vecops -Dexprtk_disable_string_capabilities -Dexprtk_disable_enhanced_features -std=gnu++11 -DNDEBUG -O -Wno-undefined-var-template -Isrc -Ibuildtmp -c -D_REENTRANT -D_GNU_SOURCE -DDEBIAN -fwrapv -fno-strict-aliasing -pipe -I/usr/local/include -D_LARGEFILE_SOURCE -D_FILE_OFFSET_BITS=64 -O2 -g -o src/libslic3r/ConfigBase.o src/libslic3r/ConfigBase.cpp
g++ -I/usr/lib/x86_64-linux-gnu/perl/5.34/CORE -fPIC -xc++ -Isrc/libslic3r -DHAS_BOOL -DNOGDI -DSLIC3RXS -DBOOST_ASIO_DISABLE_KQUEUE -Dexprtk_disable_rtl_io_file -Dexprtk_disable_return_statement -Dexprtk_disable_rtl_vecops -Dexprtk_disable_string_capabilities -Dexprtk_disable_enhanced_features -std=gnu++11 -DNDEBUG -O -Wno-undefined-var-template -Isrc -Ibuildtmp -c -D_REENTRANT -D_GNU_SOURCE -DDEBIAN -fwrapv -fno-strict-aliasing -pipe -I/usr/local/include -D_LARGEFILE_SOURCE -D_FILE_OFFSET_BITS=64 -O2 -g -o src/slic3r/GUI/GUI.o src/slic3r/GUI/GUI.cpp
g++ -I/usr/lib/x86_64-linux-gnu/perl/5.34/CORE -fPIC -xc++ -Isrc/libslic3r -DHAS_BOOL -DNOGDI -DSLIC3RXS -DBOOST_ASIO_DISABLE_KQUEUE -Dexprtk_disable_rtl_io_file -Dexprtk_disable_return_statement -Dexprtk_disable_rtl_vecops -Dexprtk_disable_string_capabilities -Dexprtk_disable_enhanced_features -std=gnu++11 -DNDEBUG -O -Wno-undefined-var-template -Isrc -Ibuildtmp -c -D_REENTRANT -D_GNU_SOURCE -DDEBIAN -fwrapv -fno-strict-aliasing -pipe -I/usr/local/include -D_LARGEFILE_SOURCE -D_FILE_OFFSET_BITS=64 -O2 -g -o src/libslic3r/PrintGCode.o src/libslic3r/PrintGCode.cpp
g++ -I/usr/lib/x86_64-linux-gnu/perl/5.34/CORE -fPIC -xc++ -Isrc/libslic3r -DHAS_BOOL -DNOGDI -DSLIC3RXS -DBOOST_ASIO_DISABLE_KQUEUE -Dexprtk_disable_rtl_io_file -Dexprtk_disable_return_statement -Dexprtk_disable_rtl_vecops -Dexprtk_disable_string_capabilities -Dexprtk_disable_enhanced_features -std=gnu++11 -DNDEBUG -O -Wno-undefined-var-template -Isrc -Ibuildtmp -c -D_REENTRANT -D_GNU_SOURCE -DDEBIAN -fwrapv -fno-strict-aliasing -pipe -I/usr/local/include -D_LARGEFILE_SOURCE -D_FILE_OFFSET_BITS=64 -O2 -g -o src/libslic3r/MotionPlanner.o src/libslic3r/MotionPlanner.cpp
g++ -I/usr/lib/x86_64-linux-gnu/perl/5.34/CORE -fPIC -xc++ -Isrc/libslic3r -DHAS_BOOL -DNOGDI -DSLIC3RXS -DBOOST_ASIO_DISABLE_KQUEUE -Dexprtk_disable_rtl_io_file -Dexprtk_disable_return_statement -Dexprtk_disable_rtl_vecops -Dexprtk_disable_string_capabilities -Dexprtk_disable_enhanced_features -std=gnu++11 -DNDEBUG -O -Wno-undefined-var-template -Isrc -Ibuildtmp -c -D_REENTRANT -D_GNU_SOURCE -DDEBIAN -fwrapv -fno-strict-aliasing -pipe -I/usr/local/include -D_LARGEFILE_SOURCE -D_FILE_OFFSET_BITS=64 -O2 -g -o src/libslic3r/Fill/Fill.o src/libslic3r/Fill/Fill.cpp
g++ -I/usr/lib/x86_64-linux-gnu/perl/5.34/CORE -fPIC -xc++ -Isrc/libslic3r -DHAS_BOOL -DNOGDI -DSLIC3RXS -DBOOST_ASIO_DISABLE_KQUEUE -Dexprtk_disable_rtl_io_file -Dexprtk_disable_return_statement -Dexprtk_disable_rtl_vecops -Dexprtk_disable_string_capabilities -Dexprtk_disable_enhanced_features -std=gnu++11 -DNDEBUG -O -Wno-undefined-var-template -Isrc -Ibuildtmp -c -D_REENTRANT -D_GNU_SOURCE -DDEBIAN -fwrapv -fno-strict-aliasing -pipe -I/usr/local/include -D_LARGEFILE_SOURCE -D_FILE_OFFSET_BITS=64 -O2 -g -o src/admesh/connect.o src/admesh/connect.c
g++ -I/usr/lib/x86_64-linux-gnu/perl/5.34/CORE -fPIC -xc++ -Isrc/libslic3r -DHAS_BOOL -DNOGDI -DSLIC3RXS -DBOOST_ASIO_DISABLE_KQUEUE -Dexprtk_disable_rtl_io_file -Dexprtk_disable_return_statement -Dexprtk_disable_rtl_vecops -Dexprtk_disable_string_capabilities -Dexprtk_disable_enhanced_features -std=gnu++11 -DNDEBUG -O -Wno-undefined-var-template -Isrc -Ibuildtmp -c -D_REENTRANT -D_GNU_SOURCE -DDEBIAN -fwrapv -fno-strict-aliasing -pipe -I/usr/local/include -D_LARGEFILE_SOURCE -D_FILE_OFFSET_BITS=64 -O2 -g -o src/libslic3r/MultiPoint.o src/libslic3r/MultiPoint.cpp
g++ -I/usr/lib/x86_64-linux-gnu/perl/5.34/CORE -fPIC -xc++ -Isrc/libslic3r -DHAS_BOOL -DNOGDI -DSLIC3RXS -DBOOST_ASIO_DISABLE_KQUEUE -Dexprtk_disable_rtl_io_file -Dexprtk_disable_return_statement -Dexprtk_disable_rtl_vecops -Dexprtk_disable_string_capabilities -Dexprtk_disable_enhanced_features -std=gnu++11 -DNDEBUG -O -Wno-undefined-var-template -Isrc -Ibuildtmp -c -D_REENTRANT -D_GNU_SOURCE -DDEBIAN -fwrapv -fno-strict-aliasing -pipe -I/usr/local/include -D_LARGEFILE_SOURCE -D_FILE_OFFSET_BITS=64 -O2 -g -o src/libslic3r/PrintConfig.o src/libslic3r/PrintConfig.cpp
g++ -I/usr/lib/x86_64-linux-gnu/perl/5.34/CORE -fPIC -xc++ -Isrc/libslic3r -DHAS_BOOL -DNOGDI -DSLIC3RXS -DBOOST_ASIO_DISABLE_KQUEUE -Dexprtk_disable_rtl_io_file -Dexprtk_disable_return_statement -Dexprtk_disable_rtl_vecops -Dexprtk_disable_string_capabilities -Dexprtk_disable_enhanced_features -std=gnu++11 -DNDEBUG -O -Wno-undefined-var-template -Isrc -Ibuildtmp -c -D_REENTRANT -D_GNU_SOURCE -DDEBIAN -fwrapv -fno-strict-aliasing -pipe -I/usr/local/include -D_LARGEFILE_SOURCE -D_FILE_OFFSET_BITS=64 -O2 -g -o src/libslic3r/GCode.o src/libslic3r/GCode.cpp
g++ -I/usr/lib/x86_64-linux-gnu/perl/5.34/CORE -fPIC -xc++ -Isrc/libslic3r -DHAS_BOOL -DNOGDI -DSLIC3RXS -DBOOST_ASIO_DISABLE_KQUEUE -Dexprtk_disable_rtl_io_file -Dexprtk_disable_return_statement -Dexprtk_disable_rtl_vecops -Dexprtk_disable_string_capabilities -Dexprtk_disable_enhanced_features -std=gnu++11 -DNDEBUG -O -Wno-undefined-var-template -Isrc -Ibuildtmp -c -D_REENTRANT -D_GNU_SOURCE -DDEBIAN -fwrapv -fno-strict-aliasing -pipe -I/usr/local/include -D_LARGEFILE_SOURCE -D_FILE_OFFSET_BITS=64 -O2 -g -o src/libslic3r/GCodeSender.o src/libslic3r/GCodeSender.cpp
g++ -I/usr/lib/x86_64-linux-gnu/perl/5.34/CORE -fPIC -xc++ -Isrc/libslic3r -DHAS_BOOL -DNOGDI -DSLIC3RXS -DBOOST_ASIO_DISABLE_KQUEUE -Dexprtk_disable_rtl_io_file -Dexprtk_disable_return_statement -Dexprtk_disable_rtl_vecops -Dexprtk_disable_string_capabilities -Dexprtk_disable_enhanced_features -std=gnu++11 -DNDEBUG -O -Wno-undefined-var-template -Isrc -Ibuildtmp -c -D_REENTRANT -D_GNU_SOURCE -DDEBIAN -fwrapv -fno-strict-aliasing -pipe -I/usr/local/include -D_LARGEFILE_SOURCE -D_FILE_OFFSET_BITS=64 -O2 -g -o src/libslic3r/Fill/FillPlanePath.o src/libslic3r/Fill/FillPlanePath.cpp
g++ -I/usr/lib/x86_64-linux-gnu/perl/5.34/CORE -fPIC -xc++ -Isrc/libslic3r -DHAS_BOOL -DNOGDI -DSLIC3RXS -DBOOST_ASIO_DISABLE_KQUEUE -Dexprtk_disable_rtl_io_file -Dexprtk_disable_return_statement -Dexprtk_disable_rtl_vecops -Dexprtk_disable_string_capabilities -Dexprtk_disable_enhanced_features -std=gnu++11 -DNDEBUG -O -Wno-undefined-var-template -Isrc -Ibuildtmp -c -D_REENTRANT -D_GNU_SOURCE -DDEBIAN -fwrapv -fno-strict-aliasing -pipe -I/usr/local/include -D_LARGEFILE_SOURCE -D_FILE_OFFSET_BITS=64 -O2 -g -o src/expat/xmlrole.o src/expat/xmlrole.c
g++ -I/usr/lib/x86_64-linux-gnu/perl/5.34/CORE -fPIC -xc++ -Isrc/libslic3r -DHAS_BOOL -DNOGDI -DSLIC3RXS -DBOOST_ASIO_DISABLE_KQUEUE -Dexprtk_disable_rtl_io_file -Dexprtk_disable_return_statement -Dexprtk_disable_rtl_vecops -Dexprtk_disable_string_capabilities -Dexprtk_disable_enhanced_features -std=gnu++11 -DNDEBUG -O -Wno-undefined-var-template -Isrc -Ibuildtmp -c -D_REENTRANT -D_GNU_SOURCE -DDEBIAN -fwrapv -fno-strict-aliasing -pipe -I/usr/local/include -D_LARGEFILE_SOURCE -D_FILE_OFFSET_BITS=64 -O2 -g -o src/libslic3r/miniz_extension.o src/libslic3r/miniz_extension.cpp
g++ -I/usr/lib/x86_64-linux-gnu/perl/5.34/CORE -fPIC -xc++ -Isrc/libslic3r -DHAS_BOOL -DNOGDI -DSLIC3RXS -DBOOST_ASIO_DISABLE_KQUEUE -Dexprtk_disable_rtl_io_file -Dexprtk_disable_return_statement -Dexprtk_disable_rtl_vecops -Dexprtk_disable_string_capabilities -Dexprtk_disable_enhanced_features -std=gnu++11 -DNDEBUG -O -Wno-undefined-var-template -Isrc -Ibuildtmp -c -D_REENTRANT -D_GNU_SOURCE -DDEBIAN -fwrapv -fno-strict-aliasing -pipe -I/usr/local/include -D_LARGEFILE_SOURCE -D_FILE_OFFSET_BITS=64 -O2 -g -o src/libslic3r/Point.o src/libslic3r/Point.cpp
g++ -I/usr/lib/x86_64-linux-gnu/perl/5.34/CORE -fPIC -xc++ -Isrc/libslic3r -DHAS_BOOL -DNOGDI -DSLIC3RXS -DBOOST_ASIO_DISABLE_KQUEUE -Dexprtk_disable_rtl_io_file -Dexprtk_disable_return_statement -Dexprtk_disable_rtl_vecops -Dexprtk_disable_string_capabilities -Dexprtk_disable_enhanced_features -std=gnu++11 -DNDEBUG -O -Wno-undefined-var-template -Isrc -Ibuildtmp -c -D_REENTRANT -D_GNU_SOURCE -DDEBIAN -fwrapv -fno-strict-aliasing -pipe -I/usr/local/include -D_LARGEFILE_SOURCE -D_FILE_OFFSET_BITS=64 -O2 -g -o src/libslic3r/Fill/FillGyroid.o src/libslic3r/Fill/FillGyroid.cpp
g++ -I/usr/lib/x86_64-linux-gnu/perl/5.34/CORE -fPIC -xc++ -Isrc/libslic3r -DHAS_BOOL -DNOGDI -DSLIC3RXS -DBOOST_ASIO_DISABLE_KQUEUE -Dexprtk_disable_rtl_io_file -Dexprtk_disable_return_statement -Dexprtk_disable_rtl_vecops -Dexprtk_disable_string_capabilities -Dexprtk_disable_enhanced_features -std=gnu++11 -DNDEBUG -O -Wno-undefined-var-template -Isrc -Ibuildtmp -c -D_REENTRANT -D_GNU_SOURCE -DDEBIAN -fwrapv -fno-strict-aliasing -pipe -I/usr/local/include -D_LARGEFILE_SOURCE -D_FILE_OFFSET_BITS=64 -O2 -g -o src/libslic3r/utils.o src/libslic3r/utils.cpp
g++ -I/usr/lib/x86_64-linux-gnu/perl/5.34/CORE -fPIC -xc++ -Isrc/libslic3r -DHAS_BOOL -DNOGDI -DSLIC3RXS -DBOOST_ASIO_DISABLE_KQUEUE -Dexprtk_disable_rtl_io_file -Dexprtk_disable_return_statement -Dexprtk_disable_rtl_vecops -Dexprtk_disable_string_capabilities -Dexprtk_disable_enhanced_features -std=gnu++11 -DNDEBUG -O -Wno-undefined-var-template -Isrc -Ibuildtmp -c -D_REENTRANT -D_GNU_SOURCE -DDEBIAN -fwrapv -fno-strict-aliasing -pipe -I/usr/local/include -D_LARGEFILE_SOURCE -D_FILE_OFFSET_BITS=64 -O2 -g -o src/libslic3r/Fill/FillConcentric.o src/libslic3r/Fill/FillConcentric.cpp
g++ -I/usr/lib/x86_64-linux-gnu/perl/5.34/CORE -fPIC -xc++ -Isrc/libslic3r -DHAS_BOOL -DNOGDI -DSLIC3RXS -DBOOST_ASIO_DISABLE_KQUEUE -Dexprtk_disable_rtl_io_file -Dexprtk_disable_return_statement -Dexprtk_disable_rtl_vecops -Dexprtk_disable_string_capabilities -Dexprtk_disable_enhanced_features -std=gnu++11 -DNDEBUG -O -Wno-undefined-var-template -Isrc -Ibuildtmp -c -D_REENTRANT -D_GNU_SOURCE -DDEBIAN -fwrapv -fno-strict-aliasing -pipe -I/usr/local/include -D_LARGEFILE_SOURCE -D_FILE_OFFSET_BITS=64 -O2 -g -o src/libslic3r/SimplePrint.o src/libslic3r/SimplePrint.cpp
g++ -I/usr/lib/x86_64-linux-gnu/perl/5.34/CORE -fPIC -xc++ -Isrc/libslic3r -DHAS_BOOL -DNOGDI -DSLIC3RXS -DBOOST_ASIO_DISABLE_KQUEUE -Dexprtk_disable_rtl_io_file -Dexprtk_disable_return_statement -Dexprtk_disable_rtl_vecops -Dexprtk_disable_string_capabilities -Dexprtk_disable_enhanced_features -std=gnu++11 -DNDEBUG -O -Wno-undefined-var-template -Isrc -Ibuildtmp -c -D_REENTRANT -D_GNU_SOURCE -DDEBIAN -fwrapv -fno-strict-aliasing -pipe -I/usr/local/include -D_LARGEFILE_SOURCE -D_FILE_OFFSET_BITS=64 -O2 -g -o src/libslic3r/ExPolygon.o src/libslic3r/ExPolygon.cpp
g++ -I/usr/lib/x86_64-linux-gnu/perl/5.34/CORE -fPIC -xc++ -Isrc/libslic3r -DHAS_BOOL -DNOGDI -DSLIC3RXS -DBOOST_ASIO_DISABLE_KQUEUE -Dexprtk_disable_rtl_io_file -Dexprtk_disable_return_statement -Dexprtk_disable_rtl_vecops -Dexprtk_disable_string_capabilities -Dexprtk_disable_enhanced_features -std=gnu++11 -DNDEBUG -O -Wno-undefined-var-template -Isrc -Ibuildtmp -c -D_REENTRANT -D_GNU_SOURCE -DDEBIAN -fwrapv -fno-strict-aliasing -pipe -I/usr/local/include -D_LARGEFILE_SOURCE -D_FILE_OFFSET_BITS=64 -O2 -g -o src/libslic3r/Extruder.o src/libslic3r/Extruder.cpp
g++ -I/usr/lib/x86_64-linux-gnu/perl/5.34/CORE -fPIC -xc++ -Isrc/libslic3r -DHAS_BOOL -DNOGDI -DSLIC3RXS -DBOOST_ASIO_DISABLE_KQUEUE -Dexprtk_disable_rtl_io_file -Dexprtk_disable_return_statement -Dexprtk_disable_rtl_vecops -Dexprtk_disable_string_capabilities -Dexprtk_disable_enhanced_features -std=gnu++11 -DNDEBUG -O -Wno-undefined-var-template -Isrc -Ibuildtmp -c -D_REENTRANT -D_GNU_SOURCE -DDEBIAN -fwrapv -fno-strict-aliasing -pipe -I/usr/local/include -D_LARGEFILE_SOURCE -D_FILE_OFFSET_BITS=64 -O2 -g -o src/libslic3r/Config.o src/libslic3r/Config.cpp
g++ -I/usr/lib/x86_64-linux-gnu/perl/5.34/CORE -fPIC -xc++ -Isrc/libslic3r -DHAS_BOOL -DNOGDI -DSLIC3RXS -DBOOST_ASIO_DISABLE_KQUEUE -Dexprtk_disable_rtl_io_file -Dexprtk_disable_return_statement -Dexprtk_disable_rtl_vecops -Dexprtk_disable_string_capabilities -Dexprtk_disable_enhanced_features -std=gnu++11 -DNDEBUG -O -Wno-undefined-var-template -Isrc -Ibuildtmp -c -D_REENTRANT -D_GNU_SOURCE -DDEBIAN -fwrapv -fno-strict-aliasing -pipe -I/usr/local/include -D_LARGEFILE_SOURCE -D_FILE_OFFSET_BITS=64 -O2 -g -o src/libslic3r/TransformationMatrix.o src/libslic3r/TransformationMatrix.cpp
g++ -I/usr/lib/x86_64-linux-gnu/perl/5.34/CORE -fPIC -xc++ -Isrc/libslic3r -DHAS_BOOL -DNOGDI -DSLIC3RXS -DBOOST_ASIO_DISABLE_KQUEUE -Dexprtk_disable_rtl_io_file -Dexprtk_disable_return_statement -Dexprtk_disable_rtl_vecops -Dexprtk_disable_string_capabilities -Dexprtk_disable_enhanced_features -std=gnu++11 -DNDEBUG -O -Wno-undefined-var-template -Isrc -Ibuildtmp -c -D_REENTRANT -D_GNU_SOURCE -DDEBIAN -fwrapv -fno-strict-aliasing -pipe -I/usr/local/include -D_LARGEFILE_SOURCE -D_FILE_OFFSET_BITS=64 -O2 -g -o src/libslic3r/IO.o src/libslic3r/IO.cpp
g++ -I/usr/lib/x86_64-linux-gnu/perl/5.34/CORE -fPIC -xc++ -Isrc/libslic3r -DHAS_BOOL -DNOGDI -DSLIC3RXS -DBOOST_ASIO_DISABLE_KQUEUE -Dexprtk_disable_rtl_io_file -Dexprtk_disable_return_statement -Dexprtk_disable_rtl_vecops -Dexprtk_disable_string_capabilities -Dexprtk_disable_enhanced_features -std=gnu++11 -DNDEBUG -O -Wno-undefined-var-template -Isrc -Ibuildtmp -c -D_REENTRANT -D_GNU_SOURCE -DDEBIAN -fwrapv -fno-strict-aliasing -pipe -I/usr/local/include -D_LARGEFILE_SOURCE -D_FILE_OFFSET_BITS=64 -O2 -g -o src/libslic3r/PolylineCollection.o src/libslic3r/PolylineCollection.cpp
g++ -I/usr/lib/x86_64-linux-gnu/perl/5.34/CORE -fPIC -xc++ -Isrc/libslic3r -DHAS_BOOL -DNOGDI -DSLIC3RXS -DBOOST_ASIO_DISABLE_KQUEUE -Dexprtk_disable_rtl_io_file -Dexprtk_disable_return_statement -Dexprtk_disable_rtl_vecops -Dexprtk_disable_string_capabilities -Dexprtk_disable_enhanced_features -std=gnu++11 -DNDEBUG -O -Wno-undefined-var-template -Isrc -Ibuildtmp -c -D_REENTRANT -D_GNU_SOURCE -DDEBIAN -fwrapv -fno-strict-aliasing -pipe -I/usr/local/include -D_LARGEFILE_SOURCE -D_FILE_OFFSET_BITS=64 -O2 -g -o src/libslic3r/ClipperUtils.o src/libslic3r/ClipperUtils.cpp
g++ -I/usr/lib/x86_64-linux-gnu/perl/5.34/CORE -fPIC -xc++ -Isrc/libslic3r -DHAS_BOOL -DNOGDI -DSLIC3RXS -DBOOST_ASIO_DISABLE_KQUEUE -Dexprtk_disable_rtl_io_file -Dexprtk_disable_return_statement -Dexprtk_disable_rtl_vecops -Dexprtk_disable_string_capabilities -Dexprtk_disable_enhanced_features -std=gnu++11 -DNDEBUG -O -Wno-undefined-var-template -Isrc -Ibuildtmp -c -D_REENTRANT -D_GNU_SOURCE -DDEBIAN -fwrapv -fno-strict-aliasing -pipe -I/usr/local/include -D_LARGEFILE_SOURCE -D_FILE_OFFSET_BITS=64 -O2 -g -o src/admesh/stlinit.o src/admesh/stlinit.c
g++ -I/usr/lib/x86_64-linux-gnu/perl/5.34/CORE -fPIC -xc++ -Isrc/libslic3r -DHAS_BOOL -DNOGDI -DSLIC3RXS -DBOOST_ASIO_DISABLE_KQUEUE -Dexprtk_disable_rtl_io_file -Dexprtk_disable_return_statement -Dexprtk_disable_rtl_vecops -Dexprtk_disable_string_capabilities -Dexprtk_disable_enhanced_features -std=gnu++11 -DNDEBUG -O -Wno-undefined-var-template -Isrc -Ibuildtmp -c -D_REENTRANT -D_GNU_SOURCE -DDEBIAN -fwrapv -fno-strict-aliasing -pipe -I/usr/local/include -D_LARGEFILE_SOURCE -D_FILE_OFFSET_BITS=64 -O2 -g -o src/libslic3r/SlicingAdaptive.o src/libslic3r/SlicingAdaptive.cpp
g++ -I/usr/lib/x86_64-linux-gnu/perl/5.34/CORE -fPIC -xc++ -Isrc/libslic3r -DHAS_BOOL -DNOGDI -DSLIC3RXS -DBOOST_ASIO_DISABLE_KQUEUE -Dexprtk_disable_rtl_io_file -Dexprtk_disable_return_statement -Dexprtk_disable_rtl_vecops -Dexprtk_disable_string_capabilities -Dexprtk_disable_enhanced_features -std=gnu++11 -DNDEBUG -O -Wno-undefined-var-template -Isrc -Ibuildtmp -c -D_REENTRANT -D_GNU_SOURCE -DDEBIAN -fwrapv -fno-strict-aliasing -pipe -I/usr/local/include -D_LARGEFILE_SOURCE -D_FILE_OFFSET_BITS=64 -O2 -g -o src/libslic3r/IO/TMF.o src/libslic3r/IO/TMF.cpp
g++ -I/usr/lib/x86_64-linux-gnu/perl/5.34/CORE -fPIC -xc++ -Isrc/libslic3r -DHAS_BOOL -DNOGDI -DSLIC3RXS -DBOOST_ASIO_DISABLE_KQUEUE -Dexprtk_disable_rtl_io_file -Dexprtk_disable_return_statement -Dexprtk_disable_rtl_vecops -Dexprtk_disable_string_capabilities -Dexprtk_disable_enhanced_features -std=gnu++11 -DNDEBUG -O -Wno-undefined-var-template -Isrc -Ibuildtmp -c -D_REENTRANT -D_GNU_SOURCE -DDEBIAN -fwrapv -fno-strict-aliasing -pipe -I/usr/local/include -D_LARGEFILE_SOURCE -D_FILE_OFFSET_BITS=64 -O2 -g -o src/admesh/util.o src/admesh/util.c
g++ -I/usr/lib/x86_64-linux-gnu/perl/5.34/CORE -fPIC -xc++ -Isrc/libslic3r -DHAS_BOOL -DNOGDI -DSLIC3RXS -DBOOST_ASIO_DISABLE_KQUEUE -Dexprtk_disable_rtl_io_file -Dexprtk_disable_return_statement -Dexprtk_disable_rtl_vecops -Dexprtk_disable_string_capabilities -Dexprtk_disable_enhanced_features -std=gnu++11 -DNDEBUG -O -Wno-undefined-var-template -Isrc -Ibuildtmp -c -D_REENTRANT -D_GNU_SOURCE -DDEBIAN -fwrapv -fno-strict-aliasing -pipe -I/usr/local/include -D_LARGEFILE_SOURCE -D_FILE_OFFSET_BITS=64 -O2 -g -o src/libslic3r/Surface.o src/libslic3r/Surface.cpp
g++ -I/usr/lib/x86_64-linux-gnu/perl/5.34/CORE -fPIC -xc++ -Isrc/libslic3r -DHAS_BOOL -DNOGDI -DSLIC3RXS -DBOOST_ASIO_DISABLE_KQUEUE -Dexprtk_disable_rtl_io_file -Dexprtk_disable_return_statement -Dexprtk_disable_rtl_vecops -Dexprtk_disable_string_capabilities -Dexprtk_disable_enhanced_features -std=gnu++11 -DNDEBUG -O -Wno-undefined-var-template -Isrc -Ibuildtmp -c -D_REENTRANT -D_GNU_SOURCE -DDEBIAN -fwrapv -fno-strict-aliasing -pipe -I/usr/local/include -D_LARGEFILE_SOURCE -D_FILE_OFFSET_BITS=64 -O2 -g -o src/libslic3r/SVG.o src/libslic3r/SVG.cpp
g++ -I/usr/lib/x86_64-linux-gnu/perl/5.34/CORE -fPIC -xc++ -Isrc/libslic3r -DHAS_BOOL -DNOGDI -DSLIC3RXS -DBOOST_ASIO_DISABLE_KQUEUE -Dexprtk_disable_rtl_io_file -Dexprtk_disable_return_statement -Dexprtk_disable_rtl_vecops -Dexprtk_disable_string_capabilities -Dexprtk_disable_enhanced_features -std=gnu++11 -DNDEBUG -O -Wno-undefined-var-template -Isrc -Ibuildtmp -c -D_REENTRANT -D_GNU_SOURCE -DDEBIAN -fwrapv -fno-strict-aliasing -pipe -I/usr/local/include -D_LARGEFILE_SOURCE -D_FILE_OFFSET_BITS=64 -O2 -g -o src/poly2tri/sweep/sweep.o src/poly2tri/sweep/sweep.cc
g++ -I/usr/lib/x86_64-linux-gnu/perl/5.34/CORE -fPIC -xc++ -Isrc/libslic3r -DHAS_BOOL -DNOGDI -DSLIC3RXS -DBOOST_ASIO_DISABLE_KQUEUE -Dexprtk_disable_rtl_io_file -Dexprtk_disable_return_statement -Dexprtk_disable_rtl_vecops -Dexprtk_disable_string_capabilities -Dexprtk_disable_enhanced_features -std=gnu++11 -DNDEBUG -O -Wno-undefined-var-template -Isrc -Ibuildtmp -c -D_REENTRANT -D_GNU_SOURCE -DDEBIAN -fwrapv -fno-strict-aliasing -pipe -I/usr/local/include -D_LARGEFILE_SOURCE -D_FILE_OFFSET_BITS=64 -O2 -g -o src/libslic3r/Fill/Fillsin.o src/libslic3r/Fill/Fillsin.cpp
g++ -I/usr/lib/x86_64-linux-gnu/perl/5.34/CORE -fPIC -xc++ -Isrc/libslic3r -DHAS_BOOL -DNOGDI -DSLIC3RXS -DBOOST_ASIO_DISABLE_KQUEUE -Dexprtk_disable_rtl_io_file -Dexprtk_disable_return_statement -Dexprtk_disable_rtl_vecops -Dexprtk_disable_string_capabilities -Dexprtk_disable_enhanced_features -std=gnu++11 -DNDEBUG -O -Wno-undefined-var-template -Isrc -Ibuildtmp -c -D_REENTRANT -D_GNU_SOURCE -DDEBIAN -fwrapv -fno-strict-aliasing -pipe -I/usr/local/include -D_LARGEFILE_SOURCE -D_FILE_OFFSET_BITS=64 -O2 -g -o src/libslic3r/IO/AMF.o src/libslic3r/IO/AMF.cpp
g++ -I/usr/lib/x86_64-linux-gnu/perl/5.34/CORE -fPIC -xc++ -Isrc/libslic3r -DHAS_BOOL -DNOGDI -DSLIC3RXS -DBOOST_ASIO_DISABLE_KQUEUE -Dexprtk_disable_rtl_io_file -Dexprtk_disable_return_statement -Dexprtk_disable_rtl_vecops -Dexprtk_disable_string_capabilities -Dexprtk_disable_enhanced_features -std=gnu++11 -DNDEBUG -O -Wno-undefined-var-template -Isrc -Ibuildtmp -c -D_REENTRANT -D_GNU_SOURCE -DDEBIAN -fwrapv -fno-strict-aliasing -pipe -I/usr/local/include -D_LARGEFILE_SOURCE -D_FILE_OFFSET_BITS=64 -O2 -g -o src/libslic3r/BoundingBox.o src/libslic3r/BoundingBox.cpp
g++ -I/usr/lib/x86_64-linux-gnu/perl/5.34/CORE -fPIC -xc++ -Isrc/libslic3r -DHAS_BOOL -DNOGDI -DSLIC3RXS -DBOOST_ASIO_DISABLE_KQUEUE -Dexprtk_disable_rtl_io_file -Dexprtk_disable_return_statement -Dexprtk_disable_rtl_vecops -Dexprtk_disable_string_capabilities -Dexprtk_disable_enhanced_features -std=gnu++11 -DNDEBUG -O -Wno-undefined-var-template -Isrc -Ibuildtmp -c -D_REENTRANT -D_GNU_SOURCE -DDEBIAN -fwrapv -fno-strict-aliasing -pipe -I/usr/local/include -D_LARGEFILE_SOURCE -D_FILE_OFFSET_BITS=64 -O2 -g -o src/libslic3r/Log.o src/libslic3r/Log.cpp
g++ -I/usr/lib/x86_64-linux-gnu/perl/5.34/CORE -fPIC -xc++ -Isrc/libslic3r -DHAS_BOOL -DNOGDI -DSLIC3RXS -DBOOST_ASIO_DISABLE_KQUEUE -Dexprtk_disable_rtl_io_file -Dexprtk_disable_return_statement -Dexprtk_disable_rtl_vecops -Dexprtk_disable_string_capabilities -Dexprtk_disable_enhanced_features -std=gnu++11 -DNDEBUG -O -Wno-undefined-var-template -Isrc -Ibuildtmp -c -D_REENTRANT -D_GNU_SOURCE -DDEBIAN -fwrapv -fno-strict-aliasing -pipe -I/usr/local/include -D_LARGEFILE_SOURCE -D_FILE_OFFSET_BITS=64 -O2 -g -o src/libslic3r/GCodeTimeEstimator.o src/libslic3r/GCodeTimeEstimator.cpp
g++ -I/usr/lib/x86_64-linux-gnu/perl/5.34/CORE -fPIC -xc++ -Isrc/libslic3r -DHAS_BOOL -DNOGDI -DSLIC3RXS -DBOOST_ASIO_DISABLE_KQUEUE -Dexprtk_disable_rtl_io_file -Dexprtk_disable_return_statement -Dexprtk_disable_rtl_vecops -Dexprtk_disable_string_capabilities -Dexprtk_disable_enhanced_features -std=gnu++11 -DNDEBUG -O -Wno-undefined-var-template -Isrc -Ibuildtmp -c -D_REENTRANT -D_GNU_SOURCE -DDEBIAN -fwrapv -fno-strict-aliasing -pipe -I/usr/local/include -D_LARGEFILE_SOURCE -D_FILE_OFFSET_BITS=64 -O2 -g -o src/libslic3r/Polyline.o src/libslic3r/Polyline.cpp
g++ -I/usr/lib/x86_64-linux-gnu/perl/5.34/CORE -fPIC -xc++ -Isrc/libslic3r -DHAS_BOOL -DNOGDI -DSLIC3RXS -DBOOST_ASIO_DISABLE_KQUEUE -Dexprtk_disable_rtl_io_file -Dexprtk_disable_return_statement -Dexprtk_disable_rtl_vecops -Dexprtk_disable_string_capabilities -Dexprtk_disable_enhanced_features -std=gnu++11 -DNDEBUG -O -Wno-undefined-var-template -Isrc -Ibuildtmp -c -D_REENTRANT -D_GNU_SOURCE -DDEBIAN -fwrapv -fno-strict-aliasing -pipe -I/usr/local/include -D_LARGEFILE_SOURCE -D_FILE_OFFSET_BITS=64 -O2 -g -o src/poly2tri/sweep/advancing_front.o src/poly2tri/sweep/advancing_front.cc
g++ -I/usr/lib/x86_64-linux-gnu/perl/5.34/CORE -fPIC -xc++ -Isrc/libslic3r -DHAS_BOOL -DNOGDI -DSLIC3RXS -DBOOST_ASIO_DISABLE_KQUEUE -Dexprtk_disable_rtl_io_file -Dexprtk_disable_return_statement -Dexprtk_disable_rtl_vecops -Dexprtk_disable_string_capabilities -Dexprtk_disable_enhanced_features -std=gnu++11 -DNDEBUG -O -Wno-undefined-var-template -Isrc -Ibuildtmp -c -D_REENTRANT -D_GNU_SOURCE -DDEBIAN -fwrapv -fno-strict-aliasing -pipe -I/usr/local/include -D_LARGEFILE_SOURCE -D_FILE_OFFSET_BITS=64 -O2 -g -o src/libslic3r/ExtrusionEntity.o src/libslic3r/ExtrusionEntity.cpp
g++ -I/usr/lib/x86_64-linux-gnu/perl/5.34/CORE -fPIC -xc++ -Isrc/libslic3r -DHAS_BOOL -DNOGDI -DSLIC3RXS -DBOOST_ASIO_DISABLE_KQUEUE -Dexprtk_disable_rtl_io_file -Dexprtk_disable_return_statement -Dexprtk_disable_rtl_vecops -Dexprtk_disable_string_capabilities -Dexprtk_disable_enhanced_features -std=gnu++11 -DNDEBUG -O -Wno-undefined-var-template -Isrc -Ibuildtmp -c -D_REENTRANT -D_GNU_SOURCE -DDEBIAN -fwrapv -fno-strict-aliasing -pipe -I/usr/local/include -D_LARGEFILE_SOURCE -D_FILE_OFFSET_BITS=64 -O2 -g -o src/libslic3r/SLAPrint.o src/libslic3r/SLAPrint.cpp
g++ -I/usr/lib/x86_64-linux-gnu/perl/5.34/CORE -fPIC -xc++ -Isrc/libslic3r -DHAS_BOOL -DNOGDI -DSLIC3RXS -DBOOST_ASIO_DISABLE_KQUEUE -Dexprtk_disable_rtl_io_file -Dexprtk_disable_return_statement -Dexprtk_disable_rtl_vecops -Dexprtk_disable_string_capabilities -Dexprtk_disable_enhanced_features -std=gnu++11 -DNDEBUG -O -Wno-undefined-var-template -Isrc -Ibuildtmp -c -D_REENTRANT -D_GNU_SOURCE -DDEBIAN -fwrapv -fno-strict-aliasing -pipe -I/usr/local/include -D_LARGEFILE_SOURCE -D_FILE_OFFSET_BITS=64 -O2 -g -o src/boost/nowide/iostream.o src/boost/nowide/iostream.cpp
g++ -I/usr/lib/x86_64-linux-gnu/perl/5.34/CORE -fPIC -xc++ -Isrc/libslic3r -DHAS_BOOL -DNOGDI -DSLIC3RXS -DBOOST_ASIO_DISABLE_KQUEUE -Dexprtk_disable_rtl_io_file -Dexprtk_disable_return_statement -Dexprtk_disable_rtl_vecops -Dexprtk_disable_string_capabilities -Dexprtk_disable_enhanced_features -std=gnu++11 -DNDEBUG -O -Wno-undefined-var-template -Isrc -Ibuildtmp -c -D_REENTRANT -D_GNU_SOURCE -DDEBIAN -fwrapv -fno-strict-aliasing -pipe -I/usr/local/include -D_LARGEFILE_SOURCE -D_FILE_OFFSET_BITS=64 -O2 -g -o src/expat/xmltok.o src/expat/xmltok.c
g++ -I/usr/lib/x86_64-linux-gnu/perl/5.34/CORE -fPIC -xc++ -Isrc/libslic3r -DHAS_BOOL -DNOGDI -DSLIC3RXS -DBOOST_ASIO_DISABLE_KQUEUE -Dexprtk_disable_rtl_io_file -Dexprtk_disable_return_statement -Dexprtk_disable_rtl_vecops -Dexprtk_disable_string_capabilities -Dexprtk_disable_enhanced_features -std=gnu++11 -DNDEBUG -O -Wno-undefined-var-template -Isrc -Ibuildtmp -c -D_REENTRANT -D_GNU_SOURCE -DDEBIAN -fwrapv -fno-strict-aliasing -pipe -I/usr/local/include -D_LARGEFILE_SOURCE -D_FILE_OFFSET_BITS=64 -O2 -g -o src/BSpline/BSpline.o src/BSpline/BSpline.cpp
g++ -I/usr/lib/x86_64-linux-gnu/perl/5.34/CORE -fPIC -xc++ -Isrc/libslic3r -DHAS_BOOL -DNOGDI -DSLIC3RXS -DBOOST_ASIO_DISABLE_KQUEUE -Dexprtk_disable_rtl_io_file -Dexprtk_disable_return_statement -Dexprtk_disable_rtl_vecops -Dexprtk_disable_string_capabilities -Dexprtk_disable_enhanced_features -std=gnu++11 -DNDEBUG -O -Wno-undefined-var-template -Isrc -Ibuildtmp -c -D_REENTRANT -D_GNU_SOURCE -DDEBIAN -fwrapv -fno-strict-aliasing -pipe -I/usr/local/include -D_LARGEFILE_SOURCE -D_FILE_OFFSET_BITS=64 -O2 -g -o src/libslic3r/ExPolygonCollection.o src/libslic3r/ExPolygonCollection.cpp
g++ -I/usr/lib/x86_64-linux-gnu/perl/5.34/CORE -fPIC -xc++ -Isrc/libslic3r -DHAS_BOOL -DNOGDI -DSLIC3RXS -DBOOST_ASIO_DISABLE_KQUEUE -Dexprtk_disable_rtl_io_file -Dexprtk_disable_return_statement -Dexprtk_disable_rtl_vecops -Dexprtk_disable_string_capabilities -Dexprtk_disable_enhanced_features -std=gnu++11 -DNDEBUG -O -Wno-undefined-var-template -Isrc -Ibuildtmp -c -D_REENTRANT -D_GNU_SOURCE -DDEBIAN -fwrapv -fno-strict-aliasing -pipe -I/usr/local/include -D_LARGEFILE_SOURCE -D_FILE_OFFSET_BITS=64 -O2 -g -o src/Zip/ZipArchive.o src/Zip/ZipArchive.cpp
g++ -I/usr/lib/x86_64-linux-gnu/perl/5.34/CORE -fPIC -xc++ -Isrc/libslic3r -DHAS_BOOL -DNOGDI -DSLIC3RXS -DBOOST_ASIO_DISABLE_KQUEUE -Dexprtk_disable_rtl_io_file -Dexprtk_disable_return_statement -Dexprtk_disable_rtl_vecops -Dexprtk_disable_string_capabilities -Dexprtk_disable_enhanced_features -std=gnu++11 -DNDEBUG -O -Wno-undefined-var-template -Isrc -Ibuildtmp -c -D_REENTRANT -D_GNU_SOURCE -DDEBIAN -fwrapv -fno-strict-aliasing -pipe -I/usr/local/include -D_LARGEFILE_SOURCE -D_FILE_OFFSET_BITS=64 -O2 -g -o src/libslic3r/BridgeDetector.o src/libslic3r/BridgeDetector.cpp
g++ -I/usr/lib/x86_64-linux-gnu/perl/5.34/CORE -fPIC -xc++ -Isrc/libslic3r -DHAS_BOOL -DNOGDI -DSLIC3RXS -DBOOST_ASIO_DISABLE_KQUEUE -Dexprtk_disable_rtl_io_file -Dexprtk_disable_return_statement -Dexprtk_disable_rtl_vecops -Dexprtk_disable_string_capabilities -Dexprtk_disable_enhanced_features -std=gnu++11 -DNDEBUG -O -Wno-undefined-var-template -Isrc -Ibuildtmp -c -D_REENTRANT -D_GNU_SOURCE -DDEBIAN -fwrapv -fno-strict-aliasing -pipe -I/usr/local/include -D_LARGEFILE_SOURCE -D_FILE_OFFSET_BITS=64 -O2 -g -o src/libslic3r/PrintRegion.o src/libslic3r/PrintRegion.cpp
g++ -I/usr/lib/x86_64-linux-gnu/perl/5.34/CORE -fPIC -xc++ -Isrc/libslic3r -DHAS_BOOL -DNOGDI -DSLIC3RXS -DBOOST_ASIO_DISABLE_KQUEUE -Dexprtk_disable_rtl_io_file -Dexprtk_disable_return_statement -Dexprtk_disable_rtl_vecops -Dexprtk_disable_string_capabilities -Dexprtk_disable_enhanced_features -std=gnu++11 -DNDEBUG -O -Wno-undefined-var-template -Isrc -Ibuildtmp -c -D_REENTRANT -D_GNU_SOURCE -DDEBIAN -fwrapv -fno-strict-aliasing -pipe -I/usr/local/include -D_LARGEFILE_SOURCE -D_FILE_OFFSET_BITS=64 -O2 -g -o src/libslic3r/ExtrusionEntityCollection.o src/libslic3r/ExtrusionEntityCollection.cpp
g++ -I/usr/lib/x86_64-linux-gnu/perl/5.34/CORE -fPIC -xc++ -Isrc/libslic3r -DHAS_BOOL -DNOGDI -DSLIC3RXS -DBOOST_ASIO_DISABLE_KQUEUE -Dexprtk_disable_rtl_io_file -Dexprtk_disable_return_statement -Dexprtk_disable_rtl_vecops -Dexprtk_disable_string_capabilities -Dexprtk_disable_enhanced_features -std=gnu++11 -DNDEBUG -O -Wno-undefined-var-template -Isrc -Ibuildtmp -c -D_REENTRANT -D_GNU_SOURCE -DDEBIAN -fwrapv -fno-strict-aliasing -pipe -I/usr/local/include -D_LARGEFILE_SOURCE -D_FILE_OFFSET_BITS=64 -O2 -g -o src/libslic3r/Line.o src/libslic3r/Line.cpp
g++ -I/usr/lib/x86_64-linux-gnu/perl/5.34/CORE -fPIC -xc++ -Isrc/libslic3r -DHAS_BOOL -DNOGDI -DSLIC3RXS -DBOOST_ASIO_DISABLE_KQUEUE -Dexprtk_disable_rtl_io_file -Dexprtk_disable_return_statement -Dexprtk_disable_rtl_vecops -Dexprtk_disable_string_capabilities -Dexprtk_disable_enhanced_features -std=gnu++11 -DNDEBUG -O -Wno-undefined-var-template -Isrc -Ibuildtmp -c -D_REENTRANT -D_GNU_SOURCE -DDEBIAN -fwrapv -fno-strict-aliasing -pipe -I/usr/local/include -D_LARGEFILE_SOURCE -D_FILE_OFFSET_BITS=64 -O2 -g -o src/libslic3r/SupportMaterial.o src/libslic3r/SupportMaterial.cpp
g++ -I/usr/lib/x86_64-linux-gnu/perl/5.34/CORE -fPIC -xc++ -Isrc/libslic3r -DHAS_BOOL -DNOGDI -DSLIC3RXS -DBOOST_ASIO_DISABLE_KQUEUE -Dexprtk_disable_rtl_io_file -Dexprtk_disable_return_statement -Dexprtk_disable_rtl_vecops -Dexprtk_disable_string_capabilities -Dexprtk_disable_enhanced_features -std=gnu++11 -DNDEBUG -O -Wno-undefined-var-template -Isrc -Ibuildtmp -c -D_REENTRANT -D_GNU_SOURCE -DDEBIAN -fwrapv -fno-strict-aliasing -pipe -I/usr/local/include -D_LARGEFILE_SOURCE -D_FILE_OFFSET_BITS=64 -O2 -g -o src/poly2tri/sweep/sweep_context.o src/poly2tri/sweep/sweep_context.cc
g++ -I/usr/lib/x86_64-linux-gnu/perl/5.34/CORE -fPIC -xc++ -Isrc/libslic3r -DHAS_BOOL -DNOGDI -DSLIC3RXS -DBOOST_ASIO_DISABLE_KQUEUE -Dexprtk_disable_rtl_io_file -Dexprtk_disable_return_statement -Dexprtk_disable_rtl_vecops -Dexprtk_disable_string_capabilities -Dexprtk_disable_enhanced_features -std=gnu++11 -DNDEBUG -O -Wno-undefined-var-template -Isrc -Ibuildtmp -c -D_REENTRANT -D_GNU_SOURCE -DDEBIAN -fwrapv -fno-strict-aliasing -pipe -I/usr/local/include -D_LARGEFILE_SOURCE -D_FILE_OFFSET_BITS=64 -O2 -g -o src/libslic3r/PrintObject.o src/libslic3r/PrintObject.cpp
g++ -I/usr/lib/x86_64-linux-gnu/perl/5.34/CORE -fPIC -xc++ -Isrc/libslic3r -DHAS_BOOL -DNOGDI -DSLIC3RXS -DBOOST_ASIO_DISABLE_KQUEUE -Dexprtk_disable_rtl_io_file -Dexprtk_disable_return_statement -Dexprtk_disable_rtl_vecops -Dexprtk_disable_string_capabilities -Dexprtk_disable_enhanced_features -std=gnu++11 -DNDEBUG -O -Wno-undefined-var-template -Isrc -Ibuildtmp -c -D_REENTRANT -D_GNU_SOURCE -DDEBIAN -fwrapv -fno-strict-aliasing -pipe -I/usr/local/include -D_LARGEFILE_SOURCE -D_FILE_OFFSET_BITS=64 -O2 -g -o src/libslic3r/Print.o src/libslic3r/Print.cpp
g++ -I/usr/lib/x86_64-linux-gnu/perl/5.34/CORE -fPIC -xc++ -Isrc/libslic3r -DHAS_BOOL -DNOGDI -DSLIC3RXS -DBOOST_ASIO_DISABLE_KQUEUE -Dexprtk_disable_rtl_io_file -Dexprtk_disable_return_statement -Dexprtk_disable_rtl_vecops -Dexprtk_disable_string_capabilities -Dexprtk_disable_enhanced_features -std=gnu++11 -DNDEBUG -O -Wno-undefined-var-template -Isrc -Ibuildtmp -c -D_REENTRANT -D_GNU_SOURCE -DDEBIAN -fwrapv -fno-strict-aliasing -pipe -I/usr/local/include -D_LARGEFILE_SOURCE -D_FILE_OFFSET_BITS=64 -O2 -g -o src/admesh/shared.o src/admesh/shared.c
g++ -I/usr/lib/x86_64-linux-gnu/perl/5.34/CORE -fPIC -xc++ -Isrc/libslic3r -DHAS_BOOL -DNOGDI -DSLIC3RXS -DBOOST_ASIO_DISABLE_KQUEUE -Dexprtk_disable_rtl_io_file -Dexprtk_disable_return_statement -Dexprtk_disable_rtl_vecops -Dexprtk_disable_string_capabilities -Dexprtk_disable_enhanced_features -std=gnu++11 -DNDEBUG -O -Wno-undefined-var-template -Isrc -Ibuildtmp -c -D_REENTRANT -D_GNU_SOURCE -DDEBIAN -fwrapv -fno-strict-aliasing -pipe -I/usr/local/include -D_LARGEFILE_SOURCE -D_FILE_OFFSET_BITS=64 -O2 -g -o src/poly2tri/common/shapes.o src/poly2tri/common/shapes.cc
g++ -I/usr/lib/x86_64-linux-gnu/perl/5.34/CORE -fPIC -xc++ -Isrc/libslic3r -DHAS_BOOL -DNOGDI -DSLIC3RXS -DBOOST_ASIO_DISABLE_KQUEUE -Dexprtk_disable_rtl_io_file -Dexprtk_disable_return_statement -Dexprtk_disable_rtl_vecops -Dexprtk_disable_string_capabilities -Dexprtk_disable_enhanced_features -std=gnu++11 -DNDEBUG -O -Wno-undefined-var-template -Isrc -Ibuildtmp -c -D_REENTRANT -D_GNU_SOURCE -DDEBIAN -fwrapv -fno-strict-aliasing -pipe -I/usr/local/include -D_LARGEFILE_SOURCE -D_FILE_OFFSET_BITS=64 -O2 -g -o src/libslic3r/GCodeWriter.o src/libslic3r/GCodeWriter.cpp
g++ -I/usr/lib/x86_64-linux-gnu/perl/5.34/CORE -fPIC -xc++ -Isrc/libslic3r -DHAS_BOOL -DNOGDI -DSLIC3RXS -DBOOST_ASIO_DISABLE_KQUEUE -Dexprtk_disable_rtl_io_file -Dexprtk_disable_return_statement -Dexprtk_disable_rtl_vecops -Dexprtk_disable_string_capabilities -Dexprtk_disable_enhanced_features -std=gnu++11 -DNDEBUG -O -Wno-undefined-var-template -Isrc -Ibuildtmp -c -D_REENTRANT -D_GNU_SOURCE -DDEBIAN -fwrapv -fno-strict-aliasing -pipe -I/usr/local/include -D_LARGEFILE_SOURCE -D_FILE_OFFSET_BITS=64 -O2 -g -o src/perlglue.o src/perlglue.cpp
g++ -I/usr/lib/x86_64-linux-gnu/perl/5.34/CORE -fPIC -xc++ -Isrc/libslic3r -DHAS_BOOL -DNOGDI -DSLIC3RXS -DBOOST_ASIO_DISABLE_KQUEUE -Dexprtk_disable_rtl_io_file -Dexprtk_disable_return_statement -Dexprtk_disable_rtl_vecops -Dexprtk_disable_string_capabilities -Dexprtk_disable_enhanced_features -std=gnu++11 -DNDEBUG -O -Wno-undefined-var-template -Isrc -Ibuildtmp -c -D_REENTRANT -D_GNU_SOURCE -DDEBIAN -fwrapv -fno-strict-aliasing -pipe -I/usr/local/include -D_LARGEFILE_SOURCE -D_FILE_OFFSET_BITS=64 -O2 -g -o src/clipper.o src/clipper.cpp
g++ -I/usr/lib/x86_64-linux-gnu/perl/5.34/CORE -fPIC -xc++ -Isrc/libslic3r -DHAS_BOOL -DNOGDI -DSLIC3RXS -DBOOST_ASIO_DISABLE_KQUEUE -Dexprtk_disable_rtl_io_file -Dexprtk_disable_return_statement -Dexprtk_disable_rtl_vecops -Dexprtk_disable_string_capabilities -Dexprtk_disable_enhanced_features -std=gnu++11 -DNDEBUG -O -Wno-undefined-var-template -Isrc -Ibuildtmp -c -D_REENTRANT -D_GNU_SOURCE -DDEBIAN -fwrapv -fno-strict-aliasing -pipe -I/usr/local/include -D_LARGEFILE_SOURCE -D_FILE_OFFSET_BITS=64 -O2 -g -o src/poly2tri/sweep/cdt.o src/poly2tri/sweep/cdt.cc
g++ -I/usr/lib/x86_64-linux-gnu/perl/5.34/CORE -fPIC -xc++ -Isrc/libslic3r -DHAS_BOOL -DNOGDI -DSLIC3RXS -DBOOST_ASIO_DISABLE_KQUEUE -Dexprtk_disable_rtl_io_file -Dexprtk_disable_return_statement -Dexprtk_disable_rtl_vecops -Dexprtk_disable_string_capabilities -Dexprtk_disable_enhanced_features -std=gnu++11 -DNDEBUG -O -Wno-undefined-var-template -Isrc -Ibuildtmp -c -D_REENTRANT -D_GNU_SOURCE -DDEBIAN -fwrapv -fno-strict-aliasing -pipe -I/usr/local/include -D_LARGEFILE_SOURCE -D_FILE_OFFSET_BITS=64 -O2 -g -o src/libslic3r/ConditionalGCode.o src/libslic3r/ConditionalGCode.cpp
g++ -I/usr/lib/x86_64-linux-gnu/perl/5.34/CORE -fPIC -xc++ -Isrc/libslic3r -DHAS_BOOL -DNOGDI -DSLIC3RXS -DBOOST_ASIO_DISABLE_KQUEUE -Dexprtk_disable_rtl_io_file -Dexprtk_disable_return_statement -Dexprtk_disable_rtl_vecops -Dexprtk_disable_string_capabilities -Dexprtk_disable_enhanced_features -std=gnu++11 -DNDEBUG -O -Wno-undefined-var-template -Isrc -Ibuildtmp -c -D_REENTRANT -D_GNU_SOURCE -DDEBIAN -fwrapv -fno-strict-aliasing -pipe -I/usr/local/include -D_LARGEFILE_SOURCE -D_FILE_OFFSET_BITS=64 -O2 -g -o src/libslic3r/GCode/CoolingBuffer.o src/libslic3r/GCode/CoolingBuffer.cpp
g++ -I/usr/lib/x86_64-linux-gnu/perl/5.34/CORE -fPIC -xc++ -Isrc/libslic3r -DHAS_BOOL -DNOGDI -DSLIC3RXS -DBOOST_ASIO_DISABLE_KQUEUE -Dexprtk_disable_rtl_io_file -Dexprtk_disable_return_statement -Dexprtk_disable_rtl_vecops -Dexprtk_disable_string_capabilities -Dexprtk_disable_enhanced_features -std=gnu++11 -DNDEBUG -O -Wno-undefined-var-template -Isrc -Ibuildtmp -c -D_REENTRANT -D_GNU_SOURCE -DDEBIAN -fwrapv -fno-strict-aliasing -pipe -I/usr/local/include -D_LARGEFILE_SOURCE -D_FILE_OFFSET_BITS=64 -O2 -g -o src/libslic3r/Layer.o src/libslic3r/Layer.cpp
g++ -I/usr/lib/x86_64-linux-gnu/perl/5.34/CORE -DVERSION="0.01" -DXS_VERSION="0.01" -fPIC -xc++ -Isrc/libslic3r -DHAS_BOOL -DNOGDI -DSLIC3RXS -DBOOST_ASIO_DISABLE_KQUEUE -Dexprtk_disable_rtl_io_file -Dexprtk_disable_return_statement -Dexprtk_disable_rtl_vecops -Dexprtk_disable_string_capabilities -Dexprtk_disable_enhanced_features -std=gnu++11 -DNDEBUG -O -Wno-undefined-var-template -Isrc -Ibuildtmp -c -D_REENTRANT -D_GNU_SOURCE -DDEBIAN -fwrapv -fno-strict-aliasing -pipe -I/usr/local/include -D_LARGEFILE_SOURCE -D_FILE_OFFSET_BITS=64 -O2 -g -o buildtmp/XS.o buildtmp/XS.c
ExtUtils::Mkbootstrap::Mkbootstrap('blib/arch/auto/Slic3r/XS/XS.bs')
x86_64-linux-gnu-gcc -shared -L/usr/local/lib -fstack-protector-strong -o blib/arch/auto/Slic3r/XS/XS.so buildtmp/XS.o src/libslic3r/Geometry.o src/libslic3r/Fill/Fillpavage.o src/libslic3r/LayerRegion.o src/libslic3r/GCodeReader.o src/libslic3r/Fill/FillRectilinear.o src/libslic3r/GCode/SpiralVase.o src/libslic3r/Fill/Fill3DHoneycomb.o src/admesh/stl_io.o src/libslic3r/PlaceholderParser.o src/libslic3r/LayerHeightSpline.o src/libslic3r/TriangleMesh.o src/libslic3r/PerimeterGenerator.o src/libslic3r/Polygon.o src/libslic3r/Model.o src/libslic3r/LayerRegionFill.o src/libslic3r/Fill/FillHoneycomb.o src/slic3r/GUI/3DScene.o src/libslic3r/Flow.o src/libslic3r/SurfaceCollection.o src/expat/xmlparse.o src/miniz/miniz.o src/polypartition.o src/admesh/normals.o src/libslic3r/ConfigBase.o src/slic3r/GUI/GUI.o src/libslic3r/PrintGCode.o src/libslic3r/MotionPlanner.o src/libslic3r/Fill/Fill.o src/admesh/connect.o src/libslic3r/MultiPoint.o src/libslic3r/PrintConfig.o src/libslic3r/GCode.o src/libslic3r/GCodeSender.o src/libslic3r/Fill/FillPlanePath.o src/expat/xmlrole.o src/libslic3r/miniz_extension.o src/libslic3r/Point.o src/libslic3r/Fill/FillGyroid.o src/libslic3r/utils.o src/libslic3r/Fill/FillConcentric.o src/libslic3r/SimplePrint.o src/libslic3r/ExPolygon.o src/libslic3r/Extruder.o src/libslic3r/Config.o src/libslic3r/TransformationMatrix.o src/libslic3r/IO.o src/libslic3r/PolylineCollection.o src/libslic3r/ClipperUtils.o src/admesh/stlinit.o src/libslic3r/SlicingAdaptive.o src/libslic3r/IO/TMF.o src/admesh/util.o src/libslic3r/Surface.o src/libslic3r/SVG.o src/poly2tri/sweep/sweep.o src/libslic3r/Fill/Fillsin.o src/libslic3r/IO/AMF.o src/libslic3r/BoundingBox.o src/libslic3r/Log.o src/libslic3r/GCodeTimeEstimator.o src/libslic3r/Polyline.o src/poly2tri/sweep/advancing_front.o src/libslic3r/ExtrusionEntity.o src/libslic3r/SLAPrint.o src/boost/nowide/iostream.o src/expat/xmltok.o src/BSpline/BSpline.o src/libslic3r/ExPolygonCollection.o src/Zip/ZipArchive.o src/libslic3r/BridgeDetector.o src/libslic3r/PrintRegion.o src/libslic3r/ExtrusionEntityCollection.o src/libslic3r/Line.o src/libslic3r/SupportMaterial.o src/poly2tri/sweep/sweep_context.o src/libslic3r/PrintObject.o src/libslic3r/Print.o src/admesh/shared.o src/poly2tri/common/shapes.o src/libslic3r/GCodeWriter.o src/perlglue.o src/clipper.o src/poly2tri/sweep/cdt.o src/libslic3r/ConditionalGCode.o src/libslic3r/GCode/CoolingBuffer.o src/libslic3r/Layer.o -lstdc++ -Lsrc/libslic3r -lboost_system -lboost_thread -lboost_filesystem -lboost_nowide
t/01_trianglemesh.t ............. ok
t/03_point.t .................... ok
t/04_expolygon.t ................ ok
t/05_surface.t .................. ok
t/06_polygon.t .................. ok
t/07_extrusionpath.t ............ ok
t/08_extrusionloop.t ............ ok
t/09_polyline.t ................. ok
t/10_line.t ..................... ok
t/11_clipper.t .................. ok
t/12_extrusionpathcollection.t .. ok
t/13_polylinecollection.t ....... ok
t/14_geometry.t ................. ok
t/15_config.t ................... ok
t/16_flow.t ..................... ok
t/17_boundingbox.t .............. ok
t/18_motionplanner.t ............ ok
t/19_model.t .................... ok
t/20_print.t .................... ok
t/21_gcode.t .................... ok
t/22_exception.t ................ ok
t/23_3mf.t ...................... ok
t/24_gcodemath.t ................ ok
t/25_transformationmatrix.t ..... ok
All tests successful.
Files=24, Tests=578,  4 wallclock secs ( 0.22 usr  0.11 sys +  3.34 cusr  1.03 csys =  4.70 CPU)
Result: PASS
Building Slic3r-XS
Files found in blib/arch: installing files in blib/lib into architecture dependent library tree
Installing /home/makipoea/Documents/prepa/tipe/programme/Slic3r_but_with_better_infill/local-lib/lib/perl5/x86_64-linux-gnu-thread-multi/auto/Slic3r/XS/XS.so
OK
Successfully installed Slic3r-XS-0.01
1 distribution installed
t/adaptive_slicing.t ........... ok
t/adaptive_width.t ............. ok
t/angles.t ..................... ok
t/arcs.t ....................... ok
t/avoid_crossing_perimeters.t .. ok
t/bridges.t .................... ok
t/clean_polylines.t ............ ok
t/clipper.t .................... ok
t/collinear.t .................. ok
t/combineinfill.t .............. ok
t/config.t ..................... ok
t/cooling.t .................... ok
t/custom_gcode.t ............... ok
t/fill.t ....................... ok
t/flow.t ....................... ok
t/gaps.t ....................... ok
t/gcode.t ...................... ok
t/geometry.t ................... ok
t/layers.t ..................... ok
t/loops.t ...................... ok
t/multi.t ...................... ok
t/perimeters.t ................. ok
t/polyclip.t ................... ok
t/pressure.t ................... ok
t/print.t ...................... ok
t/retraction.t ................. ok
t/shells.t ..................... ok
t/skirt_brim.t ................. ok
t/slice.t ...................... skipped: temporarily disabled
t/speed.t ...................... ok
t/support.t .................... ok
t/svg.t ........................ ok
t/thin.t ....................... ok
t/threads.t .................... ok
t/vibrationlimit.t ............. ok
All tests successful.
Files=35, Tests=593, 144 wallclock secs ( 0.30 usr  0.16 sys + 145.87 cusr  4.29 csys = 150.62 CPU)
Result: PASS
If you also want to use the GUI you can now run `perl Build.PL --gui` to install the required modules.
